<?xml version="1.0" encoding="UTF-8"?>
<!-- Generated by org.testng.reporters.JUnitReportReporter -->
<testsuite skipped="0" hostname="Infva05986" name="in.lti.day4.BrokenLinksImage" tests="1" failures="0" timestamp="17 Sep 2019 00:35:04 GMT" time="669.594" errors="0">
  <testcase name="f" time="669.594" classname="in.lti.day4.BrokenLinksImage"/>
</testsuite> <!-- in.lti.day4.BrokenLinksImage -->
