<?xml version="1.0" encoding="UTF-8"?>
<!-- Generated by org.testng.reporters.JUnitReportReporter -->
<testsuite skipped="0" hostname="Infva05986" name="in.lti.day5.AlertExample" tests="1" failures="0" timestamp="17 Sep 2019 17:25:44 GMT" time="10.488" errors="0">
  <testcase name="f" time="10.488" classname="in.lti.day5.AlertExample"/>
</testsuite> <!-- in.lti.day5.AlertExample -->
