<?xml version="1.0" encoding="UTF-8"?>
<!-- Generated by org.testng.reporters.JUnitReportReporter -->
<testsuite skipped="0" hostname="Infva05986" name="in.lti.day3.checkingexcel" tests="1" failures="0" timestamp="14 Sep 2019 21:41:10 GMT" time="9.093" errors="0">
  <testcase name="f" time="9.093" classname="in.lti.day3.checkingexcel"/>
</testsuite> <!-- in.lti.day3.checkingexcel -->
