<?xml version="1.0" encoding="UTF-8"?>
<!-- Generated by org.testng.reporters.JUnitReportReporter -->
<testsuite skipped="0" hostname="Infva05986" name="in.lti.day5.ExcelKeyword" tests="23" failures="0" timestamp="18 Sep 2019 00:42:29 GMT" time="14.191" errors="0">
  <testcase name="f" time="0.273" classname="in.lti.day5.ExcelKeyword"/>
  <testcase name="f" time="1.425" classname="in.lti.day5.ExcelKeyword"/>
  <testcase name="f" time="0.057" classname="in.lti.day5.ExcelKeyword"/>
  <testcase name="f" time="1.548" classname="in.lti.day5.ExcelKeyword"/>
  <testcase name="f" time="0.077" classname="in.lti.day5.ExcelKeyword"/>
  <testcase name="f" time="0.086" classname="in.lti.day5.ExcelKeyword"/>
  <testcase name="f" time="0.081" classname="in.lti.day5.ExcelKeyword"/>
  <testcase name="f" time="0.060" classname="in.lti.day5.ExcelKeyword"/>
  <testcase name="f" time="0.052" classname="in.lti.day5.ExcelKeyword"/>
  <testcase name="f" time="0.066" classname="in.lti.day5.ExcelKeyword"/>
  <testcase name="f" time="1.473" classname="in.lti.day5.ExcelKeyword"/>
  <testcase name="f" time="0.067" classname="in.lti.day5.ExcelKeyword"/>
  <testcase name="f" time="0.079" classname="in.lti.day5.ExcelKeyword"/>
  <testcase name="f" time="0.281" classname="in.lti.day5.ExcelKeyword"/>
  <testcase name="f" time="0.096" classname="in.lti.day5.ExcelKeyword"/>
  <testcase name="f" time="0.788" classname="in.lti.day5.ExcelKeyword"/>
  <testcase name="f" time="4.321" classname="in.lti.day5.ExcelKeyword"/>
  <testcase name="f" time="0.080" classname="in.lti.day5.ExcelKeyword"/>
  <testcase name="f" time="0.052" classname="in.lti.day5.ExcelKeyword"/>
  <testcase name="f" time="0.090" classname="in.lti.day5.ExcelKeyword"/>
  <testcase name="f" time="3.020" classname="in.lti.day5.ExcelKeyword"/>
  <testcase name="f" time="0.067" classname="in.lti.day5.ExcelKeyword"/>
  <testcase name="f" time="0.052" classname="in.lti.day5.ExcelKeyword"/>
</testsuite> <!-- in.lti.day5.ExcelKeyword -->
