<?xml version="1.0" encoding="UTF-8"?>
<!-- Generated by org.testng.reporters.JUnitReportReporter -->
<testsuite skipped="0" hostname="Infva05986" name="in.lti.day5.ExecuteKey" tests="1" failures="0" timestamp="17 Sep 2019 22:39:09 GMT" time="1.921" errors="0">
  <testcase name="f" time="1.921" classname="in.lti.day5.ExecuteKey"/>
</testsuite> <!-- in.lti.day5.ExecuteKey -->
