<?xml version="1.0" encoding="UTF-8"?>
<!-- Generated by org.testng.reporters.JUnitReportReporter -->
<testsuite skipped="0" hostname="Infva05986" name="in.lti.day5.Scrolling" tests="1" failures="0" timestamp="17 Sep 2019 18:01:32 GMT" time="9.294" errors="0">
  <testcase name="f" time="9.294" classname="in.lti.day5.Scrolling"/>
</testsuite> <!-- in.lti.day5.Scrolling -->
