<?xml version="1.0" encoding="UTF-8"?>
<!-- Generated by org.testng.reporters.JUnitReportReporter -->
<testsuite skipped="0" hostname="Infva05986" name="in.lti.day8.CSVExample" tests="4" failures="0" timestamp="20 Sep 2019 22:14:07 GMT" time="25.462" errors="0">
  <testcase name="f" time="11.746" classname="in.lti.day8.CSVExample"/>
  <testcase name="f" time="4.328" classname="in.lti.day8.CSVExample"/>
  <testcase name="f" time="4.548" classname="in.lti.day8.CSVExample"/>
  <testcase name="f" time="4.840" classname="in.lti.day8.CSVExample"/>
</testsuite> <!-- in.lti.day8.CSVExample -->
