<?xml version="1.0" encoding="UTF-8"?>
<!-- Generated by org.testng.reporters.JUnitReportReporter -->
<testsuite skipped="0" hostname="Infva05986" name="in.lti.day4.excelreader" tests="1" failures="0" timestamp="16 Sep 2019 17:44:25 GMT" time="0.390" errors="0">
  <testcase name="f" time="0.390" classname="in.lti.day4.excelreader"/>
</testsuite> <!-- in.lti.day4.excelreader -->
