<?xml version="1.0" encoding="UTF-8"?>
<!-- Generated by org.testng.reporters.JUnitReportReporter -->
<testsuite skipped="0" hostname="Infva05986" name="in.lti.day3.writeexcel" tests="1" failures="0" timestamp="14 Sep 2019 22:00:52 GMT" time="0.453" errors="0">
  <testcase name="f" time="0.453" classname="in.lti.day3.writeexcel"/>
</testsuite> <!-- in.lti.day3.writeexcel -->
