<?xml version="1.0" encoding="UTF-8"?>
<!-- Generated by org.testng.reporters.JUnitReportReporter -->
<testsuite skipped="0" hostname="Infva05986" name="in.lti.day3.FirstNG" tests="2" failures="0" timestamp="14 Sep 2019 18:40:03 GMT" time="13.150" errors="0">
  <testcase name="googleTest" time="13.095" classname="in.lti.day3.FirstNG"/>
  <testcase name="a" time="0.055" classname="in.lti.day3.FirstNG"/>
</testsuite> <!-- in.lti.day3.FirstNG -->
