<?xml version="1.0" encoding="UTF-8"?>
<!-- Generated by org.testng.reporters.JUnitReportReporter -->
<testsuite skipped="0" hostname="Infva05986" name="in.lti.day8.GroupingExamples" tests="1" failures="0" timestamp="20 Sep 2019 19:03:15 GMT" time="0.016" errors="0">
  <testcase name="f3" time="0.016" classname="in.lti.day8.GroupingExamples"/>
</testsuite> <!-- in.lti.day8.GroupingExamples -->
