<?xml version="1.0" encoding="UTF-8"?>
<!-- Generated by org.testng.reporters.JUnitReportReporter -->
<testsuite skipped="0" hostname="Infva05986" name="in.lti.day3.statusexcel" tests="1" failures="0" timestamp="14 Sep 2019 22:26:41 GMT" time="8.772" errors="0">
  <testcase name="f" time="8.772" classname="in.lti.day3.statusexcel"/>
</testsuite> <!-- in.lti.day3.statusexcel -->
