<?xml version="1.0" encoding="UTF-8"?>
<!-- Generated by org.testng.reporters.JUnitReportReporter -->
<testsuite skipped="0" hostname="Infva05986" name="in.lti.day3.Dbconnection" tests="1" failures="0" timestamp="14 Sep 2019 23:35:48 GMT" time="6.283" errors="0">
  <testcase name="f" time="6.283" classname="in.lti.day3.Dbconnection"/>
</testsuite> <!-- in.lti.day3.Dbconnection -->
