<?xml version="1.0" encoding="UTF-8"?>
<!-- Generated by org.testng.reporters.JUnitReportReporter -->
<testsuite skipped="0" hostname="Infva05986" name="practice.shopersstop" tests="1" failures="0" timestamp="21 Sep 2019 00:52:25 GMT" time="20.393" errors="0">
  <testcase name="f" time="20.393" classname="practice.shopersstop"/>
</testsuite> <!-- practice.shopersstop -->
