<?xml version="1.0" encoding="UTF-8"?>
<!-- Generated by org.testng.reporters.JUnitReportReporter -->
<testsuite skipped="0" hostname="Infva05986" name="in.lti.day3.DemoOracle" tests="3" failures="0" timestamp="14 Sep 2019 18:40:03 GMT" time="8.812" errors="0">
  <testcase name="t1" time="4.120" classname="in.lti.day3.DemoOracle"/>
  <testcase name="t2" time="0.010" classname="in.lti.day3.DemoOracle"/>
  <testcase name="t3" time="4.682" classname="in.lti.day3.DemoOracle"/>
</testsuite> <!-- in.lti.day3.DemoOracle -->
