<?xml version="1.0" encoding="UTF-8"?>
<!-- Generated by org.testng.reporters.JUnitReportReporter -->
<testsuite skipped="0" hostname="Infva05986" name="in.lti.day8.Reflect" tests="1" failures="0" timestamp="20 Sep 2019 22:29:07 GMT" time="0.016" errors="0">
  <testcase name="f" time="0.016" classname="in.lti.day8.Reflect"/>
</testsuite> <!-- in.lti.day8.Reflect -->
